<?xml version="1.0" encoding="UTF-8"?>
<testng-results ignored="0" total="2" passed="2" failed="0" skipped="0">
  <reporter-output>
  </reporter-output>
  <suite started-at="2020-05-13T15:01:40 CST" name="Suite" finished-at="2020-05-13T15:01:40 CST" duration-ms="128">
    <groups>
    </groups>
    <test started-at="2020-05-13T15:01:40 CST" name="Test" finished-at="2020-05-13T15:01:40 CST" duration-ms="66">
      <class name="MinValueTest">
        <test-method signature="minTest()[pri:0, instance:MinValueTest@6e75aa0d]" started-at="2020-05-13T15:01:40 CST" name="minTest" finished-at="2020-05-13T15:01:40 CST" duration-ms="31" status="PASS">
          <reporter-output>
          </reporter-output>
        </test-method> <!-- minTest -->
      </class> <!-- MinValueTest -->
    </test> <!-- Test -->
    <test started-at="2020-05-13T15:01:40 CST" name="Test2" finished-at="2020-05-13T15:01:40 CST" duration-ms="0">
      <class name="MaxValueTest">
        <test-method signature="maxTest()[pri:0, instance:MaxValueTest@38c5cc4c]" started-at="2020-05-13T15:01:40 CST" name="maxTest" finished-at="2020-05-13T15:01:40 CST" duration-ms="0" status="PASS">
          <reporter-output>
          </reporter-output>
        </test-method> <!-- maxTest -->
      </class> <!-- MaxValueTest -->
    </test> <!-- Test2 -->
  </suite> <!-- Suite -->
</testng-results>
